<?xml version="1.0" encoding="UTF-8"?>
<!-- Generated by org.testng.reporters.JUnitReportReporter -->
<testsuite hostname="DESKTOP-F4Q699M" failures="0" tests="1" name="com.MavenTestNG.BaseClass" time="7.436" errors="0" timestamp="29 Dec 2018 16:01:28 GMT" skipped="0">
  <testcase classname="com.MavenTestNG.BaseClass" name="setUp" time="7.436"/>
</testsuite> <!-- com.MavenTestNG.BaseClass -->
